--------------------------------------------------------------------------------
Release 14.1 Trace  (nt64)
Copyright (c) 1995-2012 Xilinx, Inc.  All rights reserved.

C:\Xilinx\14.1\ISE_DS\ISE\bin\nt64\unwrapped\trce.exe -intstyle ise -v 3 -s 2I
-n 3 -fastpaths -xml alu_control.twx alu_control.ncd -o alu_control.twr
alu_control.pcf

Design file:              alu_control.ncd
Physical constraint file: alu_control.pcf
Device,package,speed:     xa7a100t,csg324,I,-2I (ADVANCED 1.01 2012-04-23)
Report level:             verbose report

Environment Variable      Effect 
--------------------      ------ 
NONE                      No environment variables were set
--------------------------------------------------------------------------------

INFO:Timing:2698 - No timing constraints found, doing default enumeration.
INFO:Timing:3412 - To improve timing, see the Timing Closure User Guide (UG612).
INFO:Timing:2752 - To get complete path coverage, use the unconstrained paths 
   option. All paths that are not constrained will be reported in the 
   unconstrained paths section(s) of the report.
INFO:Timing:3339 - The clock-to-out numbers in this timing report are based on 
   a 50 Ohm transmission line loading model.  For the details of this model, 
   and for more information on accounting for different loading conditions, 
   please see the device datasheet.



Data Sheet report:
-----------------
All values displayed in nanoseconds (ns)

Setup/Hold to clock alu_op<1>
------------+------------+------------+------------+------------+-------------------------------------+--------+
            |Max Setup to|  Process   |Max Hold to |  Process   |                                     | Clock  |
Source      | clk (edge) |   Corner   | clk (edge) |   Corner   |Internal Clock(s)                    | Phase  |
------------+------------+------------+------------+------------+-------------------------------------+--------+
alu_op<0>   |    0.126(F)|      SLOW  |    1.267(F)|      SLOW  |alu_op[1]_instruction_5_0[5]_Mux_11_o|   0.000|
------------+------------+------------+------------+------------+-------------------------------------+--------+

Setup/Hold to clock instruction_5_0<0>
------------+------------+------------+------------+------------+-------------------------------------+--------+
            |Max Setup to|  Process   |Max Hold to |  Process   |                                     | Clock  |
Source      | clk (edge) |   Corner   | clk (edge) |   Corner   |Internal Clock(s)                    | Phase  |
------------+------------+------------+------------+------------+-------------------------------------+--------+
alu_op<0>   |   -0.213(F)|      FAST  |    1.827(F)|      SLOW  |alu_op[1]_instruction_5_0[5]_Mux_11_o|   0.000|
------------+------------+------------+------------+------------+-------------------------------------+--------+

Setup/Hold to clock instruction_5_0<1>
------------+------------+------------+------------+------------+-------------------------------------+--------+
            |Max Setup to|  Process   |Max Hold to |  Process   |                                     | Clock  |
Source      | clk (edge) |   Corner   | clk (edge) |   Corner   |Internal Clock(s)                    | Phase  |
------------+------------+------------+------------+------------+-------------------------------------+--------+
alu_op<0>   |   -0.264(F)|      FAST  |    2.012(F)|      SLOW  |alu_op[1]_instruction_5_0[5]_Mux_11_o|   0.000|
------------+------------+------------+------------+------------+-------------------------------------+--------+

Setup/Hold to clock instruction_5_0<2>
------------+------------+------------+------------+------------+-------------------------------------+--------+
            |Max Setup to|  Process   |Max Hold to |  Process   |                                     | Clock  |
Source      | clk (edge) |   Corner   | clk (edge) |   Corner   |Internal Clock(s)                    | Phase  |
------------+------------+------------+------------+------------+-------------------------------------+--------+
alu_op<0>   |   -0.306(F)|      FAST  |    2.072(F)|      SLOW  |alu_op[1]_instruction_5_0[5]_Mux_11_o|   0.000|
------------+------------+------------+------------+------------+-------------------------------------+--------+

Setup/Hold to clock instruction_5_0<3>
------------+------------+------------+------------+------------+-------------------------------------+--------+
            |Max Setup to|  Process   |Max Hold to |  Process   |                                     | Clock  |
Source      | clk (edge) |   Corner   | clk (edge) |   Corner   |Internal Clock(s)                    | Phase  |
------------+------------+------------+------------+------------+-------------------------------------+--------+
alu_op<0>   |   -0.389(F)|      FAST  |    2.256(F)|      SLOW  |alu_op[1]_instruction_5_0[5]_Mux_11_o|   0.000|
------------+------------+------------+------------+------------+-------------------------------------+--------+

Setup/Hold to clock instruction_5_0<4>
------------+------------+------------+------------+------------+-------------------------------------+--------+
            |Max Setup to|  Process   |Max Hold to |  Process   |                                     | Clock  |
Source      | clk (edge) |   Corner   | clk (edge) |   Corner   |Internal Clock(s)                    | Phase  |
------------+------------+------------+------------+------------+-------------------------------------+--------+
alu_op<0>   |   -0.373(F)|      FAST  |    2.211(F)|      SLOW  |alu_op[1]_instruction_5_0[5]_Mux_11_o|   0.000|
------------+------------+------------+------------+------------+-------------------------------------+--------+

Setup/Hold to clock instruction_5_0<5>
------------+------------+------------+------------+------------+-------------------------------------+--------+
            |Max Setup to|  Process   |Max Hold to |  Process   |                                     | Clock  |
Source      | clk (edge) |   Corner   | clk (edge) |   Corner   |Internal Clock(s)                    | Phase  |
------------+------------+------------+------------+------------+-------------------------------------+--------+
alu_op<0>   |   -0.240(F)|      FAST  |    1.882(F)|      SLOW  |alu_op[1]_instruction_5_0[5]_Mux_11_o|   0.000|
------------+------------+------------+------------+------------+-------------------------------------+--------+

Clock alu_op<1> to Pad
------------+-----------------+------------+-----------------+------------+-------------------------------------+--------+
            |Max (slowest) clk|  Process   |Min (fastest) clk|  Process   |                                     | Clock  |
Destination |  (edge) to PAD  |   Corner   |  (edge) to PAD  |   Corner   |Internal Clock(s)                    | Phase  |
------------+-----------------+------------+-----------------+------------+-------------------------------------+--------+
alu_out<0>  |         8.118(F)|      SLOW  |         3.555(F)|      FAST  |alu_op[1]_instruction_5_0[5]_Mux_11_o|   0.000|
alu_out<1>  |         8.144(F)|      SLOW  |         3.558(F)|      FAST  |alu_op[1]_instruction_5_0[5]_Mux_11_o|   0.000|
alu_out<2>  |         8.172(F)|      SLOW  |         3.563(F)|      FAST  |alu_op[1]_instruction_5_0[5]_Mux_11_o|   0.000|
------------+-----------------+------------+-----------------+------------+-------------------------------------+--------+

Clock instruction_5_0<0> to Pad
------------+-----------------+------------+-----------------+------------+-------------------------------------+--------+
            |Max (slowest) clk|  Process   |Min (fastest) clk|  Process   |                                     | Clock  |
Destination |  (edge) to PAD  |   Corner   |  (edge) to PAD  |   Corner   |Internal Clock(s)                    | Phase  |
------------+-----------------+------------+-----------------+------------+-------------------------------------+--------+
alu_out<0>  |         8.678(F)|      SLOW  |         3.822(F)|      FAST  |alu_op[1]_instruction_5_0[5]_Mux_11_o|   0.000|
alu_out<1>  |         8.704(F)|      SLOW  |         3.825(F)|      FAST  |alu_op[1]_instruction_5_0[5]_Mux_11_o|   0.000|
alu_out<2>  |         8.732(F)|      SLOW  |         3.830(F)|      FAST  |alu_op[1]_instruction_5_0[5]_Mux_11_o|   0.000|
------------+-----------------+------------+-----------------+------------+-------------------------------------+--------+

Clock instruction_5_0<1> to Pad
------------+-----------------+------------+-----------------+------------+-------------------------------------+--------+
            |Max (slowest) clk|  Process   |Min (fastest) clk|  Process   |                                     | Clock  |
Destination |  (edge) to PAD  |   Corner   |  (edge) to PAD  |   Corner   |Internal Clock(s)                    | Phase  |
------------+-----------------+------------+-----------------+------------+-------------------------------------+--------+
alu_out<0>  |         8.863(F)|      SLOW  |         3.873(F)|      FAST  |alu_op[1]_instruction_5_0[5]_Mux_11_o|   0.000|
alu_out<1>  |         8.889(F)|      SLOW  |         3.876(F)|      FAST  |alu_op[1]_instruction_5_0[5]_Mux_11_o|   0.000|
alu_out<2>  |         8.917(F)|      SLOW  |         3.881(F)|      FAST  |alu_op[1]_instruction_5_0[5]_Mux_11_o|   0.000|
------------+-----------------+------------+-----------------+------------+-------------------------------------+--------+

Clock instruction_5_0<2> to Pad
------------+-----------------+------------+-----------------+------------+-------------------------------------+--------+
            |Max (slowest) clk|  Process   |Min (fastest) clk|  Process   |                                     | Clock  |
Destination |  (edge) to PAD  |   Corner   |  (edge) to PAD  |   Corner   |Internal Clock(s)                    | Phase  |
------------+-----------------+------------+-----------------+------------+-------------------------------------+--------+
alu_out<0>  |         8.923(F)|      SLOW  |         3.915(F)|      FAST  |alu_op[1]_instruction_5_0[5]_Mux_11_o|   0.000|
alu_out<1>  |         8.949(F)|      SLOW  |         3.918(F)|      FAST  |alu_op[1]_instruction_5_0[5]_Mux_11_o|   0.000|
alu_out<2>  |         8.977(F)|      SLOW  |         3.923(F)|      FAST  |alu_op[1]_instruction_5_0[5]_Mux_11_o|   0.000|
------------+-----------------+------------+-----------------+------------+-------------------------------------+--------+

Clock instruction_5_0<3> to Pad
------------+-----------------+------------+-----------------+------------+-------------------------------------+--------+
            |Max (slowest) clk|  Process   |Min (fastest) clk|  Process   |                                     | Clock  |
Destination |  (edge) to PAD  |   Corner   |  (edge) to PAD  |   Corner   |Internal Clock(s)                    | Phase  |
------------+-----------------+------------+-----------------+------------+-------------------------------------+--------+
alu_out<0>  |         9.107(F)|      SLOW  |         3.998(F)|      FAST  |alu_op[1]_instruction_5_0[5]_Mux_11_o|   0.000|
alu_out<1>  |         9.133(F)|      SLOW  |         4.001(F)|      FAST  |alu_op[1]_instruction_5_0[5]_Mux_11_o|   0.000|
alu_out<2>  |         9.161(F)|      SLOW  |         4.006(F)|      FAST  |alu_op[1]_instruction_5_0[5]_Mux_11_o|   0.000|
------------+-----------------+------------+-----------------+------------+-------------------------------------+--------+

Clock instruction_5_0<4> to Pad
------------+-----------------+------------+-----------------+------------+-------------------------------------+--------+
            |Max (slowest) clk|  Process   |Min (fastest) clk|  Process   |                                     | Clock  |
Destination |  (edge) to PAD  |   Corner   |  (edge) to PAD  |   Corner   |Internal Clock(s)                    | Phase  |
------------+-----------------+------------+-----------------+------------+-------------------------------------+--------+
alu_out<0>  |         9.062(F)|      SLOW  |         3.982(F)|      FAST  |alu_op[1]_instruction_5_0[5]_Mux_11_o|   0.000|
alu_out<1>  |         9.088(F)|      SLOW  |         3.985(F)|      FAST  |alu_op[1]_instruction_5_0[5]_Mux_11_o|   0.000|
alu_out<2>  |         9.116(F)|      SLOW  |         3.990(F)|      FAST  |alu_op[1]_instruction_5_0[5]_Mux_11_o|   0.000|
------------+-----------------+------------+-----------------+------------+-------------------------------------+--------+

Clock instruction_5_0<5> to Pad
------------+-----------------+------------+-----------------+------------+-------------------------------------+--------+
            |Max (slowest) clk|  Process   |Min (fastest) clk|  Process   |                                     | Clock  |
Destination |  (edge) to PAD  |   Corner   |  (edge) to PAD  |   Corner   |Internal Clock(s)                    | Phase  |
------------+-----------------+------------+-----------------+------------+-------------------------------------+--------+
alu_out<0>  |         8.733(F)|      SLOW  |         3.849(F)|      FAST  |alu_op[1]_instruction_5_0[5]_Mux_11_o|   0.000|
alu_out<1>  |         8.759(F)|      SLOW  |         3.852(F)|      FAST  |alu_op[1]_instruction_5_0[5]_Mux_11_o|   0.000|
alu_out<2>  |         8.787(F)|      SLOW  |         3.857(F)|      FAST  |alu_op[1]_instruction_5_0[5]_Mux_11_o|   0.000|
------------+-----------------+------------+-----------------+------------+-------------------------------------+--------+

Clock to Setup on destination clock alu_op<1>
------------------+---------+---------+---------+---------+
                  | Src:Rise| Src:Fall| Src:Rise| Src:Fall|
Source Clock      |Dest:Rise|Dest:Rise|Dest:Fall|Dest:Fall|
------------------+---------+---------+---------+---------+
alu_op<1>         |         |         |   -0.074|    0.964|
instruction_5_0<0>|         |         |    0.494|    0.964|
instruction_5_0<1>|         |         |    0.602|    0.964|
instruction_5_0<2>|         |         |    0.623|    0.964|
instruction_5_0<3>|         |         |    0.499|    0.964|
instruction_5_0<4>|         |         |    0.639|    0.964|
instruction_5_0<5>|         |         |    0.809|    0.964|
------------------+---------+---------+---------+---------+

Clock to Setup on destination clock instruction_5_0<0>
------------------+---------+---------+---------+---------+
                  | Src:Rise| Src:Fall| Src:Rise| Src:Fall|
Source Clock      |Dest:Rise|Dest:Rise|Dest:Fall|Dest:Fall|
------------------+---------+---------+---------+---------+
alu_op<1>         |         |         |   -0.341|    0.964|
instruction_5_0<0>|         |         |    0.031|    0.964|
instruction_5_0<1>|         |         |    0.139|    0.964|
instruction_5_0<2>|         |         |    0.160|    0.964|
instruction_5_0<3>|         |         |    0.036|    0.964|
instruction_5_0<4>|         |         |    0.176|    0.964|
instruction_5_0<5>|         |         |    0.346|    0.964|
------------------+---------+---------+---------+---------+

Clock to Setup on destination clock instruction_5_0<1>
------------------+---------+---------+---------+---------+
                  | Src:Rise| Src:Fall| Src:Rise| Src:Fall|
Source Clock      |Dest:Rise|Dest:Rise|Dest:Fall|Dest:Fall|
------------------+---------+---------+---------+---------+
alu_op<1>         |         |         |   -0.392|    0.964|
instruction_5_0<0>|         |         |   -0.077|    0.964|
instruction_5_0<1>|         |         |   -0.003|    0.964|
instruction_5_0<2>|         |         |    0.018|    0.964|
instruction_5_0<3>|         |         |   -0.091|    0.964|
instruction_5_0<4>|         |         |    0.034|    0.964|
instruction_5_0<5>|         |         |    0.204|    0.964|
------------------+---------+---------+---------+---------+

Clock to Setup on destination clock instruction_5_0<2>
------------------+---------+---------+---------+---------+
                  | Src:Rise| Src:Fall| Src:Rise| Src:Fall|
Source Clock      |Dest:Rise|Dest:Rise|Dest:Fall|Dest:Fall|
------------------+---------+---------+---------+---------+
alu_op<1>         |         |         |   -0.434|    0.964|
instruction_5_0<0>|         |         |   -0.119|    0.964|
instruction_5_0<1>|         |         |   -0.059|    0.964|
instruction_5_0<2>|         |         |   -0.038|    0.964|
instruction_5_0<3>|         |         |   -0.133|    0.964|
instruction_5_0<4>|         |         |   -0.022|    0.964|
instruction_5_0<5>|         |         |    0.148|    0.964|
------------------+---------+---------+---------+---------+

Clock to Setup on destination clock instruction_5_0<3>
------------------+---------+---------+---------+---------+
                  | Src:Rise| Src:Fall| Src:Rise| Src:Fall|
Source Clock      |Dest:Rise|Dest:Rise|Dest:Fall|Dest:Fall|
------------------+---------+---------+---------+---------+
alu_op<1>         |         |         |   -0.517|    0.964|
instruction_5_0<0>|         |         |   -0.202|    0.964|
instruction_5_0<1>|         |         |   -0.147|    0.964|
instruction_5_0<2>|         |         |   -0.139|    0.964|
instruction_5_0<3>|         |         |   -0.216|    0.964|
instruction_5_0<4>|         |         |   -0.119|    0.964|
instruction_5_0<5>|         |         |    0.000|    0.964|
------------------+---------+---------+---------+---------+

Clock to Setup on destination clock instruction_5_0<4>
------------------+---------+---------+---------+---------+
                  | Src:Rise| Src:Fall| Src:Rise| Src:Fall|
Source Clock      |Dest:Rise|Dest:Rise|Dest:Fall|Dest:Fall|
------------------+---------+---------+---------+---------+
alu_op<1>         |         |         |   -0.501|    0.964|
instruction_5_0<0>|         |         |   -0.186|    0.964|
instruction_5_0<1>|         |         |   -0.131|    0.964|
instruction_5_0<2>|         |         |   -0.123|    0.964|
instruction_5_0<3>|         |         |   -0.200|    0.964|
instruction_5_0<4>|         |         |   -0.103|    0.964|
instruction_5_0<5>|         |         |    0.037|    0.964|
------------------+---------+---------+---------+---------+

Clock to Setup on destination clock instruction_5_0<5>
------------------+---------+---------+---------+---------+
                  | Src:Rise| Src:Fall| Src:Rise| Src:Fall|
Source Clock      |Dest:Rise|Dest:Rise|Dest:Fall|Dest:Fall|
------------------+---------+---------+---------+---------+
alu_op<1>         |         |         |   -0.368|    0.964|
instruction_5_0<0>|         |         |   -0.015|    0.964|
instruction_5_0<1>|         |         |    0.093|    0.964|
instruction_5_0<2>|         |         |    0.114|    0.964|
instruction_5_0<3>|         |         |   -0.010|    0.964|
instruction_5_0<4>|         |         |    0.130|    0.964|
instruction_5_0<5>|         |         |    0.300|    0.964|
------------------+---------+---------+---------+---------+


Analysis completed Thu May 04 16:44:25 2017 
--------------------------------------------------------------------------------

Trace Settings:
-------------------------
Trace Settings 

Peak Memory Usage: 671 MB



