Release 14.1 - xst P.15xf (nt64)
Copyright (c) 1995-2012 Xilinx, Inc.  All rights reserved.
--> Parameter TMPDIR set to xst/projnav.tmp


Total REAL time to Xst completion: 0.00 secs
Total CPU time to Xst completion: 0.12 secs
 
--> Parameter xsthdpdir set to xst


Total REAL time to Xst completion: 0.00 secs
Total CPU time to Xst completion: 0.12 secs
 
--> Reading design: alu_control.prj

TABLE OF CONTENTS
  1) Synthesis Options Summary
  2) HDL Parsing
  3) HDL Elaboration
  4) HDL Synthesis
       4.1) HDL Synthesis Report
  5) Advanced HDL Synthesis
       5.1) Advanced HDL Synthesis Report
  6) Low Level Synthesis
  7) Partition Report
  8) Design Summary
       8.1) Primitive and Black Box Usage
       8.2) Device utilization summary
       8.3) Partition Resource Summary
       8.4) Timing Report
            8.4.1) Clock Information
            8.4.2) Asynchronous Control Signals Information
            8.4.3) Timing Summary
            8.4.4) Timing Details
            8.4.5) Cross Clock Domains Report


=========================================================================
*                      Synthesis Options Summary                        *
=========================================================================
---- Source Parameters
Input File Name                    : "alu_control.prj"
Ignore Synthesis Constraint File   : NO

---- Target Parameters
Output File Name                   : "alu_control"
Output Format                      : NGC
Target Device                      : xa7a100t-2I-csg324

---- Source Options
Top Module Name                    : alu_control
Automatic FSM Extraction           : YES
FSM Encoding Algorithm             : Auto
Safe Implementation                : No
FSM Style                          : LUT
RAM Extraction                     : Yes
RAM Style                          : Auto
ROM Extraction                     : Yes
Shift Register Extraction          : YES
ROM Style                          : Auto
Resource Sharing                   : YES
Asynchronous To Synchronous        : NO
Shift Register Minimum Size        : 2
Use DSP Block                      : Auto
Automatic Register Balancing       : No

---- Target Options
LUT Combining                      : Auto
Reduce Control Sets                : Auto
Add IO Buffers                     : YES
Global Maximum Fanout              : 100000
Add Generic Clock Buffer(BUFG)     : 32
Register Duplication               : YES
Optimize Instantiated Primitives   : NO
Use Clock Enable                   : Auto
Use Synchronous Set                : Auto
Use Synchronous Reset              : Auto
Pack IO Registers into IOBs        : Auto
Equivalent register Removal        : YES

---- General Options
Optimization Goal                  : Speed
Optimization Effort                : 1
Power Reduction                    : NO
Keep Hierarchy                     : No
Netlist Hierarchy                  : As_Optimized
RTL Output                         : Yes
Global Optimization                : AllClockNets
Read Cores                         : YES
Write Timing Constraints           : NO
Cross Clock Analysis               : NO
Hierarchy Separator                : /
Bus Delimiter                      : <>
Case Specifier                     : Maintain
Slice Utilization Ratio            : 100
BRAM Utilization Ratio             : 100
DSP48 Utilization Ratio            : 100
Auto BRAM Packing                  : NO
Slice Utilization Ratio Delta      : 5

=========================================================================


=========================================================================
*                          HDL Parsing                                  *
=========================================================================
Analyzing Verilog file "C:\Users\Marco\Dropbox\School\SPRING 2017\161L\New Stuff\Lab3\VHDL\alu_control.v" into library work
Parsing verilog file "constants.v" included at line 2.
Parsing module <alu_control>.

=========================================================================
*                            HDL Elaboration                            *
=========================================================================

Elaborating module <alu_control>.

=========================================================================
*                           HDL Synthesis                               *
=========================================================================

Synthesizing Unit <alu_control>.
    Related source file is "C:\Users\Marco\Dropbox\School\SPRING 2017\161L\New Stuff\Lab3\VHDL\alu_control.v".
    Found 1-bit 4-to-1 multiplexer for signal <alu_op[1]_instruction_5_0[5]_Mux_14_o> created at line 12.
    Found 1-bit 3-to-1 multiplexer for signal <alu_op[1]_instruction_5_0[5]_Mux_18_o> created at line 12.
    Found 1-bit 3-to-1 multiplexer for signal <alu_op[1]_instruction_5_0[5]_Mux_22_o> created at line 12.
WARNING:Xst:737 - Found 1-bit latch for signal <alu_out<2>>. Latches may be generated from incomplete case or if statements. We do not recommend the use of latches in FPGA/CPLD designs, as they may lead to timing problems.
WARNING:Xst:737 - Found 1-bit latch for signal <alu_out<1>>. Latches may be generated from incomplete case or if statements. We do not recommend the use of latches in FPGA/CPLD designs, as they may lead to timing problems.
WARNING:Xst:737 - Found 1-bit latch for signal <alu_out<0>>. Latches may be generated from incomplete case or if statements. We do not recommend the use of latches in FPGA/CPLD designs, as they may lead to timing problems.
WARNING:Xst:737 - Found 1-bit latch for signal <alu_out<3>>. Latches may be generated from incomplete case or if statements. We do not recommend the use of latches in FPGA/CPLD designs, as they may lead to timing problems.
    Summary:
	inferred   4 Latch(s).
	inferred   5 Multiplexer(s).
Unit <alu_control> synthesized.

=========================================================================
HDL Synthesis Report

Macro Statistics
# Latches                                              : 4
 1-bit latch                                           : 4
# Multiplexers                                         : 5
 1-bit 2-to-1 multiplexer                              : 2
 1-bit 3-to-1 multiplexer                              : 2
 1-bit 4-to-1 multiplexer                              : 1

=========================================================================

=========================================================================
*                       Advanced HDL Synthesis                          *
=========================================================================

WARNING:Xst - The specified part-type was not generated at build time. XST is loading the full part-type and will therefore consume more CPU and memory.
Loading device for application Rf_Device from file '7a100t.nph' in environment C:\Xilinx\14.1\ISE_DS\ISE\.
Loading device for application Rf_Device from file '7a100t.nph' in environment C:\Xilinx\14.1\ISE_DS\ISE\.

=========================================================================
Advanced HDL Synthesis Report

Macro Statistics
# Multiplexers                                         : 5
 1-bit 2-to-1 multiplexer                              : 2
 1-bit 3-to-1 multiplexer                              : 2
 1-bit 4-to-1 multiplexer                              : 1

=========================================================================

=========================================================================
*                         Low Level Synthesis                           *
=========================================================================

Optimizing unit <alu_control> ...
WARNING:Xst:1710 - FF/Latch <alu_out_3> (without init value) has a constant value of 0 in block <alu_control>. This FF/Latch will be trimmed during the optimization process.
WARNING:Xst:1710 - FF/Latch <alu_out_3> (without init value) has a constant value of 0 in block <alu_control>. This FF/Latch will be trimmed during the optimization process.

Mapping all equations...
Building and optimizing final netlist ...
Found area constraint ratio of 100 (+ 5) on block alu_control, actual ratio is 0.

Final Macro Processing ...

=========================================================================
Final Register Report

Found no macro
=========================================================================

=========================================================================
*                           Partition Report                            *
=========================================================================

Partition Implementation Status
-------------------------------

  No Partitions were found in this design.

-------------------------------

=========================================================================
*                            Design Summary                             *
=========================================================================

Top Level Output File Name         : alu_control.ngc

Primitive and Black Box Usage:
------------------------------
# BELS                             : 11
#      GND                         : 1
#      LUT2                        : 1
#      LUT4                        : 2
#      LUT5                        : 1
#      LUT6                        : 6
# FlipFlops/Latches                : 3
#      LD                          : 3
# IO Buffers                       : 12
#      IBUF                        : 8
#      OBUF                        : 4

Device utilization summary:
---------------------------

Selected Device : xa7a100tcsg324-2i 


Slice Logic Utilization: 
 Number of Slice Registers:               3  out of  126800     0%  
 Number of Slice LUTs:                   10  out of  63400     0%  
    Number used as Logic:                10  out of  63400     0%  

Slice Logic Distribution: 
 Number of LUT Flip Flop pairs used:     10
   Number with an unused Flip Flop:       7  out of     10    70%  
   Number with an unused LUT:             0  out of     10     0%  
   Number of fully used LUT-FF pairs:     3  out of     10    30%  
   Number of unique control sets:         1

IO Utilization: 
 Number of IOs:                          12
 Number of bonded IOBs:                  12  out of    210     5%  

Specific Feature Utilization:

---------------------------
Partition Resource Summary:
---------------------------

  No Partitions were found in this design.

---------------------------


=========================================================================
Timing Report

NOTE: THESE TIMING NUMBERS ARE ONLY A SYNTHESIS ESTIMATE.
      FOR ACCURATE TIMING INFORMATION PLEASE REFER TO THE TRACE REPORT
      GENERATED AFTER PLACE-and-ROUTE.

Clock Information:
------------------
-------------------------------------------------------------------------------------+------------------------+-------+
Clock Signal                                                                         | Clock buffer(FF name)  | Load  |
-------------------------------------------------------------------------------------+------------------------+-------+
alu_op[1]_instruction_5_0[5]_Mux_11_o(Mmux_alu_op[1]_instruction_5_0[5]_Mux_11_o11:O)| NONE(*)(alu_out_2)     | 3     |
-------------------------------------------------------------------------------------+------------------------+-------+
(*) This 1 clock signal(s) are generated by combinatorial logic,
and XST is not able to identify which are the primary clock signals.
Please use the CLOCK_SIGNAL constraint to specify the clock signal(s) generated by combinatorial logic.
INFO:Xst:2169 - HDL ADVISOR - Some clock signals were not automatically buffered by XST with BUFG/BUFR resources. Please use the buffer_type constraint in order to insert these buffers to the clock signals to help prevent skew problems.

Asynchronous Control Signals Information:
----------------------------------------
No asynchronous control signals found in this design

Timing Summary:
---------------
Speed Grade: -2

   Minimum period: 0.929ns (Maximum Frequency: 1076.137MHz)
   Minimum input arrival time before clock: 1.592ns
   Maximum output required time after clock: 0.816ns
   Maximum combinational path delay: No path found

Timing Details:
---------------
All values displayed in nanoseconds (ns)

=========================================================================
Timing constraint: Default period analysis for Clock 'alu_op[1]_instruction_5_0[5]_Mux_11_o'
  Clock period: 0.929ns (frequency: 1076.137MHz)
  Total number of paths / destination ports: 3 / 3
-------------------------------------------------------------------------
Delay:               0.929ns (Levels of Logic = 1)
  Source:            alu_out_2 (LATCH)
  Destination:       alu_out_2 (LATCH)
  Source Clock:      alu_op[1]_instruction_5_0[5]_Mux_11_o falling
  Destination Clock: alu_op[1]_instruction_5_0[5]_Mux_11_o falling

  Data Path: alu_out_2 to alu_out_2
                                Gate     Net
    Cell:in->out      fanout   Delay   Delay  Logical Name (Net Name)
    ----------------------------------------  ------------
     LD:G->Q               2   0.472   0.360  alu_out_2 (alu_out_2)
     LUT6:I5->O            1   0.097   0.000  Mmux_alu_op[1]_instruction_5_0[5]_Mux_14_o1 (alu_op[1]_instruction_5_0[5]_Mux_14_o)
     LD:D                     -0.028          alu_out_2
    ----------------------------------------
    Total                      0.929ns (0.569ns logic, 0.360ns route)
                                       (61.2% logic, 38.8% route)

=========================================================================
Timing constraint: Default OFFSET IN BEFORE for Clock 'alu_op[1]_instruction_5_0[5]_Mux_11_o'
  Total number of paths / destination ports: 40 / 3
-------------------------------------------------------------------------
Offset:              1.592ns (Levels of Logic = 3)
  Source:            instruction_5_0<2> (PAD)
  Destination:       alu_out_2 (LATCH)
  Destination Clock: alu_op[1]_instruction_5_0[5]_Mux_11_o falling

  Data Path: instruction_5_0<2> to alu_out_2
                                Gate     Net
    Cell:in->out      fanout   Delay   Delay  Logical Name (Net Name)
    ----------------------------------------  ------------
     IBUF:I->O             6   0.001   0.644  instruction_5_0_2_IBUF (instruction_5_0_2_IBUF)
     LUT4:I0->O            1   0.097   0.753  Mmux_alu_op[1]_instruction_5_0[5]_Mux_14_o1_SW0 (N2)
     LUT6:I0->O            1   0.097   0.000  Mmux_alu_op[1]_instruction_5_0[5]_Mux_14_o1 (alu_op[1]_instruction_5_0[5]_Mux_14_o)
     LD:D                     -0.028          alu_out_2
    ----------------------------------------
    Total                      1.592ns (0.195ns logic, 1.397ns route)
                                       (12.2% logic, 87.8% route)

=========================================================================
Timing constraint: Default OFFSET OUT AFTER for Clock 'alu_op[1]_instruction_5_0[5]_Mux_11_o'
  Total number of paths / destination ports: 3 / 3
-------------------------------------------------------------------------
Offset:              0.816ns (Levels of Logic = 1)
  Source:            alu_out_2 (LATCH)
  Destination:       alu_out<2> (PAD)
  Source Clock:      alu_op[1]_instruction_5_0[5]_Mux_11_o falling

  Data Path: alu_out_2 to alu_out<2>
                                Gate     Net
    Cell:in->out      fanout   Delay   Delay  Logical Name (Net Name)
    ----------------------------------------  ------------
     LD:G->Q               2   0.472   0.344  alu_out_2 (alu_out_2)
     OBUF:I->O                 0.000          alu_out_2_OBUF (alu_out<2>)
    ----------------------------------------
    Total                      0.816ns (0.472ns logic, 0.344ns route)
                                       (57.8% logic, 42.2% route)

=========================================================================

Cross Clock Domains Report:
--------------------------

Clock to Setup on destination clock alu_op[1]_instruction_5_0[5]_Mux_11_o
-------------------------------------+---------+---------+---------+---------+
                                     | Src:Rise| Src:Fall| Src:Rise| Src:Fall|
Source Clock                         |Dest:Rise|Dest:Rise|Dest:Fall|Dest:Fall|
-------------------------------------+---------+---------+---------+---------+
alu_op[1]_instruction_5_0[5]_Mux_11_o|         |         |    0.929|         |
-------------------------------------+---------+---------+---------+---------+

=========================================================================


Total REAL time to Xst completion: 34.00 secs
Total CPU time to Xst completion: 33.70 secs
 
--> 

Total memory usage is 867856 kilobytes

Number of errors   :    0 (   0 filtered)
Number of warnings :    7 (   0 filtered)
Number of infos    :    1 (   0 filtered)

